# JRE version: Java(TM) SE Runtime Environment (8.0_161-b12) (build 1.8.0_161-b12)
# Java VM: Java HotSpot(TM) 64-Bit Server VM (25.161-b12 mixed mode windows-amd64 compressed oops)
Heap:
 PSYoungGen      total 18944K, used 3194K [0x00000000eb300000, 0x00000000ec800000, 0x0000000100000000)
  eden space 16384K, 19% used [0x00000000eb300000,0x00000000eb61e898,0x00000000ec300000)
  from space 2560K, 0% used [0x00000000ec300000,0x00000000ec300000,0x00000000ec580000)
  to   space 2560K, 0% used [0x00000000ec580000,0x00000000ec580000,0x00000000ec800000)
 ParOldGen       total 44032K, used 24592K [0x00000000c1800000, 0x00000000c4300000, 0x00000000eb300000)
  object space 44032K, 55% used [0x00000000c1800000,0x00000000c30041a8,0x00000000c4300000)
 Metaspace       used 10862K, capacity 11324K, committed 11648K, reserved 1058816K
  class space    used 1445K, capacity 1585K, committed 1664K, reserved 1048576K
GC Heap History (10 events):
Event: 6.193 GC heap before
{Heap before GC invocations=27 (full 15):
 PSYoungGen      total 18944K, used 16384K [0x00000000eb300000, 0x00000000ec800000, 0x0000000100000000)
  eden space 16384K, 100% used [0x00000000eb300000,0x00000000ec300000,0x00000000ec300000)
  from space 2560K, 0% used [0x00000000ec300000,0x00000000ec300000,0x00000000ec580000)
  to   space 2560K, 0% used [0x00000000ec580000,0x00000000ec580000,0x00000000ec800000)
 ParOldGen       total 44032K, used 7353K [0x00000000c1800000, 0x00000000c4300000, 0x00000000eb300000)
  object space 44032K, 16% used [0x00000000c1800000,0x00000000c1f2e4e0,0x00000000c4300000)
 Metaspace       used 10835K, capacity 11324K, committed 11648K, reserved 1058816K
  class space    used 1445K, capacity 1585K, committed 1664K, reserved 1048576K
Event: 6.197 GC heap after
Heap after GC invocations=27 (full 15):
 PSYoungGen      total 18944K, used 1289K [0x00000000eb300000, 0x00000000ec800000, 0x0000000100000000)
  eden space 16384K, 0% used [0x00000000eb300000,0x00000000eb300000,0x00000000ec300000)
  from space 2560K, 50% used [0x00000000ec580000,0x00000000ec6c2620,0x00000000ec800000)
  to   space 2560K, 0% used [0x00000000ec300000,0x00000000ec300000,0x00000000ec580000)
 ParOldGen       total 44032K, used 22165K [0x00000000c1800000, 0x00000000c4300000, 0x00000000eb300000)
  object space 44032K, 50% used [0x00000000c1800000,0x00000000c2da5700,0x00000000c4300000)
 Metaspace       used 10835K, capacity 11324K, committed 11648K, reserved 1058816K
  class space    used 1445K, capacity 1585K, committed 1664K, reserved 1048576K
}
Event: 6.197 GC heap before
{Heap before GC invocations=28 (full 16):
 PSYoungGen      total 18944K, used 1289K [0x00000000eb300000, 0x00000000ec800000, 0x0000000100000000)
  eden space 16384K, 0% used [0x00000000eb300000,0x00000000eb300000,0x00000000ec300000)
  from space 2560K, 50% used [0x00000000ec580000,0x00000000ec6c2620,0x00000000ec800000)
  to   space 2560K, 0% used [0x00000000ec300000,0x00000000ec300000,0x00000000ec580000)
 ParOldGen       total 44032K, used 22165K [0x00000000c1800000, 0x00000000c4300000, 0x00000000eb300000)
  object space 44032K, 50% used [0x00000000c1800000,0x00000000c2da5700,0x00000000c4300000)
 Metaspace       used 10835K, capacity 11324K, committed 11648K, reserved 1058816K
  class space    used 1445K, capacity 1585K, committed 1664K, reserved 1048576K
Event: 6.206 GC heap after
Heap after GC invocations=28 (full 16):
 PSYoungGen      total 18944K, used 0K [0x00000000eb300000, 0x00000000ec800000, 0x0000000100000000)
  eden space 16384K, 0% used [0x00000000eb300000,0x00000000eb300000,0x00000000ec300000)
  from space 2560K, 0% used [0x00000000ec580000,0x00000000ec580000,0x00000000ec800000)
  to   space 2560K, 0% used [0x00000000ec300000,0x00000000ec300000,0x00000000ec580000)
 ParOldGen       total 44032K, used 11310K [0x00000000c1800000, 0x00000000c4300000, 0x00000000eb300000)
  object space 44032K, 25% used [0x00000000c1800000,0x00000000c230b9b8,0x00000000c4300000)
 Metaspace       used 10835K, capacity 11324K, committed 11648K, reserved 1058816K
  class space    used 1445K, capacity 1585K, committed 1664K, reserved 1048576K
}
Event: 6.266 GC heap before
{Heap before GC invocations=29 (full 16):
 PSYoungGen      total 18944K, used 14155K [0x00000000eb300000, 0x00000000ec800000, 0x0000000100000000)
  eden space 16384K, 86% used [0x00000000eb300000,0x00000000ec0d2da0,0x00000000ec300000)
  from space 2560K, 0% used [0x00000000ec580000,0x00000000ec580000,0x00000000ec800000)
  to   space 2560K, 0% used [0x00000000ec300000,0x00000000ec300000,0x00000000ec580000)
 ParOldGen       total 44032K, used 11310K [0x00000000c1800000, 0x00000000c4300000, 0x00000000eb300000)
  object space 44032K, 25% used [0x00000000c1800000,0x00000000c230b9b8,0x00000000c4300000)
 Metaspace       used 10837K, capacity 11324K, committed 11648K, reserved 1058816K
  class space    used 1445K, capacity 1585K, committed 1664K, reserved 1048576K
Event: 6.270 GC heap after
Heap after GC invocations=29 (full 16):
 PSYoungGen      total 18944K, used 1892K [0x00000000eb300000, 0x00000000ec800000, 0x0000000100000000)
  eden space 16384K, 0% used [0x00000000eb300000,0x00000000eb300000,0x00000000ec300000)
  from space 2560K, 73% used [0x00000000ec300000,0x00000000ec4d93a0,0x00000000ec580000)
  to   space 2560K, 0% used [0x00000000ec580000,0x00000000ec580000,0x00000000ec800000)
 ParOldGen       total 44032K, used 23318K [0x00000000c1800000, 0x00000000c4300000, 0x00000000eb300000)
  object space 44032K, 52% used [0x00000000c1800000,0x00000000c2ec59c8,0x00000000c4300000)
 Metaspace       used 10837K, capacity 11324K, committed 11648K, reserved 1058816K
  class space    used 1445K, capacity 1585K, committed 1664K, reserved 1048576K
}
Event: 6.270 GC heap before
{Heap before GC invocations=30 (full 17):
 PSYoungGen      total 18944K, used 1892K [0x00000000eb300000, 0x00000000ec800000, 0x0000000100000000)
  eden space 16384K, 0% used [0x00000000eb300000,0x00000000eb300000,0x00000000ec300000)
  from space 2560K, 73% used [0x00000000ec300000,0x00000000ec4d93a0,0x00000000ec580000)
  to   space 2560K, 0% used [0x00000000ec580000,0x00000000ec580000,0x00000000ec800000)
 ParOldGen       total 44032K, used 23318K [0x00000000c1800000, 0x00000000c4300000, 0x00000000eb300000)
  object space 44032K, 52% used [0x00000000c1800000,0x00000000c2ec59c8,0x00000000c4300000)
 Metaspace       used 10837K, capacity 11324K, committed 11648K, reserved 1058816K
  class space    used 1445K, capacity 1585K, committed 1664K, reserved 1048576K
Event: 6.282 GC heap after
Heap after GC invocations=30 (full 17):
 PSYoungGen      total 18944K, used 0K [0x00000000eb300000, 0x00000000ec800000, 0x0000000100000000)
  eden space 16384K, 0% used [0x00000000eb300000,0x00000000eb300000,0x00000000ec300000)
  from space 2560K, 0% used [0x00000000ec300000,0x00000000ec300000,0x00000000ec580000)
  to   space 2560K, 0% used [0x00000000ec580000,0x00000000ec580000,0x00000000ec800000)
 ParOldGen       total 44032K, used 24586K [0x00000000c1800000, 0x00000000c4300000, 0x00000000eb300000)
  object space 44032K, 55% used [0x00000000c1800000,0x00000000c30029b0,0x00000000c4300000)
 Metaspace       used 10837K, capacity 11324K, committed 11648K, reserved 1058816K
  class space    used 1445K, capacity 1585K, committed 1664K, reserved 1048576K
}
Event: 6.497 GC heap before
{Heap before GC invocations=31 (full 18):
 PSYoungGen      total 18944K, used 12623K [0x00000000eb300000, 0x00000000ec800000, 0x0000000100000000)
  eden space 16384K, 77% used [0x00000000eb300000,0x00000000ebf53ff8,0x00000000ec300000)
  from space 2560K, 0% used [0x00000000ec300000,0x00000000ec300000,0x00000000ec580000)
  to   space 2560K, 0% used [0x00000000ec580000,0x00000000ec580000,0x00000000ec800000)
 ParOldGen       total 44032K, used 36586K [0x00000000c1800000, 0x00000000c4300000, 0x00000000eb300000)
  object space 44032K, 83% used [0x00000000c1800000,0x00000000c3bba9c0,0x00000000c4300000)
 Metaspace       used 10854K, capacity 11324K, committed 11648K, reserved 1058816K
  class space    used 1445K, capacity 1585K, committed 1664K, reserved 1048576K
Event: 6.506 GC heap after
Heap after GC invocations=31 (full 18):
 PSYoungGen      total 18944K, used 0K [0x00000000eb300000, 0x00000000ec800000, 0x0000000100000000)
  eden space 16384K, 0% used [0x00000000eb300000,0x00000000eb300000,0x00000000ec300000)
  from space 2560K, 0% used [0x00000000ec300000,0x00000000ec300000,0x00000000ec580000)
  to   space 2560K, 0% used [0x00000000ec580000,0x00000000ec580000,0x00000000ec800000)
 ParOldGen       total 44032K, used 7356K [0x00000000c1800000, 0x00000000c4300000, 0x00000000eb300000)
  object space 44032K, 16% used [0x00000000c1800000,0x00000000c1f2f388,0x00000000c4300000)
 Metaspace       used 10854K, capacity 11324K, committed 11648K, reserved 1058816K
  class space    used 1445K, capacity 1585K, committed 1664K, reserved 1048576K
}

